Using pre-set license
Built from '2020.3/staging' branch; Version is '2020.3.30f1 (1fb1bf06830e) revision 2077119'; Using compiler version '192528614'; Build Type 'Release'
OS: 'Windows 10  (10.0.19042) 64bit ProfessionalWorkstation' Language: 'en' Physical Memory: 7839 MB
BatchMode: 1, IsHumanControllingUs: 0, StartBugReporterOnCrash: 0, Is64bit: 1, IsPro: 0

COMMAND LINE ARGUMENTS:
C:\Program Files\Unity\Hub\Editor\2020.3.30f1\Editor\Unity.exe
-adb2
-batchMode
-noUpm
-name
AssetImportWorker0
-projectPath
C:/Users/Administrator/Devoir
-logFile
Logs/AssetImportWorker0.log
-srvPort
52703
Successfully changed project path to: C:/Users/Administrator/Devoir
C:/Users/Administrator/Devoir
Using Asset Import Pipeline V2.
Refreshing native plugins compatible for Editor in 101.54 ms, found 2 plugins.
Preloading 0 native plugins for Editor in 0.00 ms.
Initialize engine version: 2020.3.30f1 (1fb1bf06830e)
[Subsystems] Discovering subsystems at path C:/Program Files/Unity/Hub/Editor/2020.3.30f1/Editor/Data/Resources/UnitySubsystems
[Subsystems] Discovering subsystems at path C:/Users/Administrator/Devoir/Assets
GfxDevice: creating device client; threaded=0
Direct3D:
    Version:  Direct3D 11.0 [level 11.1]
    Renderer: Intel(R) HD Graphics 620 (ID=0x5916)
    Vendor:   
    VRAM:     3919 MB
    Driver:   27.20.100.8681
Initialize mono
Mono path[0] = 'C:/Program Files/Unity/Hub/Editor/2020.3.30f1/Editor/Data/Managed'
Mono path[1] = 'C:/Program Files/Unity/Hub/Editor/2020.3.30f1/Editor/Data/MonoBleedingEdge/lib/mono/unityjit'
Mono config path = 'C:/Program Files/Unity/Hub/Editor/2020.3.30f1/Editor/Data/MonoBleedingEdge/etc'
Using monoOptions --debugger-agent=transport=dt_socket,embedding=1,server=y,suspend=n,address=127.0.0.1:56328
Begin MonoManager ReloadAssembly
Registering precompiled unity dll's ...
Register platform support module: C:/Program Files/Unity/Hub/Editor/2020.3.30f1/Editor/Data/PlaybackEngines/WindowsStandaloneSupport/UnityEditor.WindowsStandalone.Extensions.dll
Registered in 0.002491 seconds.
Native extension for WindowsStandalone target not found
Refreshing native plugins compatible for Editor in 75.72 ms, found 2 plugins.
Preloading 0 native plugins for Editor in 0.00 ms.
Mono: successfully reloaded assembly
- Completed reload, in  0.767 seconds
Domain Reload Profiling:
	ReloadAssembly (767ms)
		BeginReloadAssembly (74ms)
			ExecutionOrderSort (0ms)
			DisableScriptedObjects (0ms)
			BackupInstance (0ms)
			ReleaseScriptingObjects (0ms)
			CreateAndSetChildDomain (1ms)
		EndReloadAssembly (611ms)
			LoadAssemblies (71ms)
			RebuildTransferFunctionScriptingTraits (0ms)
			SetupTypeCache (173ms)
			ReleaseScriptCaches (0ms)
			RebuildScriptCaches (48ms)
			SetupLoadedEditorAssemblies (259ms)
				LogAssemblyErrors (0ms)
				InitializePlatformSupportModulesInManaged (7ms)
				SetLoadedEditorAssemblies (0ms)
				RefreshPlugins (76ms)
				BeforeProcessingInitializeOnLoad (11ms)
				ProcessInitializeOnLoadAttributes (124ms)
				ProcessInitializeOnLoadMethodAttributes (41ms)
				AfterProcessingInitializeOnLoad (0ms)
				EditorAssembliesLoaded (0ms)
			ExecutionOrderSort2 (0ms)
			AwakeInstancesAfterBackupRestoration (0ms)
Platform modules already initialized, skipping
Registering precompiled user dll's ...
Registered in 0.006718 seconds.
Begin MonoManager ReloadAssembly
Native extension for WindowsStandalone target not found
Refreshing native plugins compatible for Editor in 1.25 ms, found 2 plugins.
Preloading 0 native plugins for Editor in 0.00 ms.
Mono: successfully reloaded assembly
- Completed reload, in  1.413 seconds
Domain Reload Profiling:
	ReloadAssembly (1414ms)
		BeginReloadAssembly (225ms)
			ExecutionOrderSort (0ms)
			DisableScriptedObjects (6ms)
			BackupInstance (0ms)
			ReleaseScriptingObjects (0ms)
			CreateAndSetChildDomain (27ms)
		EndReloadAssembly (1099ms)
			LoadAssemblies (136ms)
			RebuildTransferFunctionScriptingTraits (0ms)
			SetupTypeCache (312ms)
			ReleaseScriptCaches (0ms)
			RebuildScriptCaches (50ms)
			SetupLoadedEditorAssemblies (510ms)
				LogAssemblyErrors (0ms)
				InitializePlatformSupportModulesInManaged (6ms)
				SetLoadedEditorAssemblies (1ms)
				RefreshPlugins (1ms)
				BeforeProcessingInitializeOnLoad (107ms)
				ProcessInitializeOnLoadAttributes (332ms)
				ProcessInitializeOnLoadMethodAttributes (55ms)
				AfterProcessingInitializeOnLoad (8ms)
				EditorAssembliesLoaded (0ms)
			ExecutionOrderSort2 (0ms)
			AwakeInstancesAfterBackupRestoration (7ms)
Platform modules already initialized, skipping
========================================================================
Worker process is ready to serve import requests
Launched and connected shader compiler UnityShaderCompiler.exe after 0.05 seconds
Refreshing native plugins compatible for Editor in 1.05 ms, found 2 plugins.
Preloading 0 native plugins for Editor in 0.00 ms.
Unloading 2160 Unused Serialized files (Serialized files now loaded: 0)
System memory in use before: 85.9 MB.
System memory in use after: 86.0 MB.

Unloading 55 unused Assets to reduce memory usage. Loaded Objects now: 2567.
Total: 7.993800 ms (FindLiveObjects: 0.184700 ms CreateObjectMapping: 0.095000 ms MarkObjects: 7.576200 ms  DeleteObjects: 0.136200 ms)

AssetImportParameters requested are different than current active one (requested -> active):
  custom:framework-win-MediaFoundation: 216162199b28c13a410421893ffa2e32 -> 
  custom:video-decoder-ogg-theora: a1e56fd34408186e4bbccfd4996cb3dc -> 
  custom:container-muxer-webm: aa71ff27fc2769a1b78a27578f13a17b -> 
  custom:container-demuxer-webm: 4f35f7cbe854078d1ac9338744f61a02 -> 
  custom:container-demuxer-ogg: 62fdf1f143b41e24485cea50d1cbac27 -> 
  custom:video-encoder-webm-vp8: eb34c28f22e8b96e1ab97ce403110664 -> 
  custom:video-decoder-webm-vp8: 9c59270c3fd7afecdb556c50c9e8de78 -> 
  custom:audio-decoder-ogg-vorbis: bf7c407c2cedff20999df2af8eb42d56 -> 
  custom:audio-encoder-webm-vorbis: bf7c407c2cedff20999df2af8eb42d56 -> 
========================================================================
Received Import Request.
  path: Assets/Scenes/Credits.unity
  artifactKey: Guid(8e94dbdd7b903e34c81b7a4ea2d7b4ce) Importer(815301076,1909f56bfc062723c751e8b465ee728b)
Start importing Assets/Scenes/Credits.unity using Guid(8e94dbdd7b903e34c81b7a4ea2d7b4ce) Importer(815301076,1909f56bfc062723c751e8b465ee728b)  -> (artifact id: '298cbf104829a28bd603e1e051d15306') in 0.028308 seconds 
========================================================================
Received Import Request.
  Time since last request: 171.645741 seconds.
  path: Assets/Scenes/Level03.unity
  artifactKey: Guid(a9a52fc6b4fc61843abe35b932374e7e) Importer(815301076,1909f56bfc062723c751e8b465ee728b)
Start importing Assets/Scenes/Level03.unity using Guid(a9a52fc6b4fc61843abe35b932374e7e) Importer(815301076,1909f56bfc062723c751e8b465ee728b)  -> (artifact id: '8ead3d594fdf7f9ad03064fa7bdc95d0') in 0.023717 seconds 
========================================================================
Received Prepare
Registering precompiled user dll's ...
Registered in 0.005633 seconds.
Begin MonoManager ReloadAssembly
Native extension for WindowsStandalone target not found
Refreshing native plugins compatible for Editor in 1.26 ms, found 2 plugins.
Preloading 0 native plugins for Editor in 0.00 ms.
Mono: successfully reloaded assembly
- Completed reload, in  1.233 seconds
Domain Reload Profiling:
	ReloadAssembly (1234ms)
		BeginReloadAssembly (137ms)
			ExecutionOrderSort (0ms)
			DisableScriptedObjects (6ms)
			BackupInstance (0ms)
			ReleaseScriptingObjects (0ms)
			CreateAndSetChildDomain (41ms)
		EndReloadAssembly (1029ms)
			LoadAssemblies (122ms)
			RebuildTransferFunctionScriptingTraits (0ms)
			SetupTypeCache (323ms)
			ReleaseScriptCaches (1ms)
			RebuildScriptCaches (43ms)
			SetupLoadedEditorAssemblies (431ms)
				LogAssemblyErrors (0ms)
				InitializePlatformSupportModulesInManaged (5ms)
				SetLoadedEditorAssemblies (1ms)
				RefreshPlugins (1ms)
				BeforeProcessingInitializeOnLoad (81ms)
				ProcessInitializeOnLoadAttributes (281ms)
				ProcessInitializeOnLoadMethodAttributes (53ms)
				AfterProcessingInitializeOnLoad (9ms)
				EditorAssembliesLoaded (0ms)
			ExecutionOrderSort2 (0ms)
			AwakeInstancesAfterBackupRestoration (12ms)
Platform modules already initialized, skipping
Refreshing native plugins compatible for Editor in 0.73 ms, found 2 plugins.
Preloading 0 native plugins for Editor in 0.00 ms.
Unloading 2154 Unused Serialized files (Serialized files now loaded: 0)
System memory in use before: 85.8 MB.
System memory in use after: 85.9 MB.

Unloading 46 unused Assets to reduce memory usage. Loaded Objects now: 2569.
Total: 8.501200 ms (FindLiveObjects: 0.258400 ms CreateObjectMapping: 0.119800 ms MarkObjects: 8.073600 ms  DeleteObjects: 0.048100 ms)

AssetImportParameters requested are different than current active one (requested -> active):
  custom:framework-win-MediaFoundation: 216162199b28c13a410421893ffa2e32 -> 
  custom:video-decoder-ogg-theora: a1e56fd34408186e4bbccfd4996cb3dc -> 
  custom:container-muxer-webm: aa71ff27fc2769a1b78a27578f13a17b -> 
  custom:container-demuxer-webm: 4f35f7cbe854078d1ac9338744f61a02 -> 
  custom:container-demuxer-ogg: 62fdf1f143b41e24485cea50d1cbac27 -> 
  custom:video-encoder-webm-vp8: eb34c28f22e8b96e1ab97ce403110664 -> 
  custom:video-decoder-webm-vp8: 9c59270c3fd7afecdb556c50c9e8de78 -> 
  custom:audio-decoder-ogg-vorbis: bf7c407c2cedff20999df2af8eb42d56 -> 
  custom:audio-encoder-webm-vorbis: bf7c407c2cedff20999df2af8eb42d56 -> 
========================================================================
Received Import Request.
  Time since last request: 322.041182 seconds.
  path: Assets/Imports/heart-spritesheet-cut.png
  artifactKey: Guid(4e312bbecb34db34f8b8a82f114b0620) Importer(815301076,1909f56bfc062723c751e8b465ee728b)
Start importing Assets/Imports/heart-spritesheet-cut.png using Guid(4e312bbecb34db34f8b8a82f114b0620) Importer(815301076,1909f56bfc062723c751e8b465ee728b)  -> (artifact id: 'df02956d92cc4988ed52f6f4adf96e35') in 0.486255 seconds 
========================================================================
Received Import Request.
  Time since last request: 0.000322 seconds.
  path: Assets/Imports/smoke-spritesheet.png
  artifactKey: Guid(545c348b99868634f9fc507fd2120ff1) Importer(815301076,1909f56bfc062723c751e8b465ee728b)
Start importing Assets/Imports/smoke-spritesheet.png using Guid(545c348b99868634f9fc507fd2120ff1) Importer(815301076,1909f56bfc062723c751e8b465ee728b)  -> (artifact id: '726acf6dcf39a710abe71b6165aa7b3e') in 0.069562 seconds 
========================================================================
Received Import Request.
  Time since last request: 0.000293 seconds.
  path: Assets/Imports/InvisiblePixel.png
  artifactKey: Guid(a8109a847492aef4fb2557b2f866fd2c) Importer(815301076,1909f56bfc062723c751e8b465ee728b)
Start importing Assets/Imports/InvisiblePixel.png using Guid(a8109a847492aef4fb2557b2f866fd2c) Importer(815301076,1909f56bfc062723c751e8b465ee728b)  -> (artifact id: 'f0f8fea7af0e9026b58444b48293309c') in 0.034436 seconds 
========================================================================
Received Import Request.
  Time since last request: 0.000336 seconds.
  path: Assets/Imports/logo2019.png
  artifactKey: Guid(b9a928a9c9d956a468fc76aa555caac8) Importer(815301076,1909f56bfc062723c751e8b465ee728b)
Start importing Assets/Imports/logo2019.png using Guid(b9a928a9c9d956a468fc76aa555caac8) Importer(815301076,1909f56bfc062723c751e8b465ee728b)  -> (artifact id: 'b24a479dfd21e48260975d0572f7f0cf') in 0.033721 seconds 
========================================================================
Received Import Request.
  Time since last request: 15.023127 seconds.
  path: Assets/Imports/SpeedPotion.png
  artifactKey: Guid(dbb357897a4e1e943b0b023aadc08162) Importer(815301076,1909f56bfc062723c751e8b465ee728b)
Start importing Assets/Imports/SpeedPotion.png using Guid(dbb357897a4e1e943b0b023aadc08162) Importer(815301076,1909f56bfc062723c751e8b465ee728b)  -> (artifact id: '25bc00d098112634770fbea41e2283e1') in 0.032749 seconds 
========================================================================
Received Import Request.
  Time since last request: 0.000847 seconds.
  path: Assets/Imports/tilesheet.png
  artifactKey: Guid(57c6f1e467cda8a45845a46e32dd1ff6) Importer(815301076,1909f56bfc062723c751e8b465ee728b)
Start importing Assets/Imports/tilesheet.png using Guid(57c6f1e467cda8a45845a46e32dd1ff6) Importer(815301076,1909f56bfc062723c751e8b465ee728b)  -> (artifact id: 'e73bce60cdf93e24f7c8609a00c6171e') in 0.360598 seconds 
========================================================================
Received Import Request.
  Time since last request: 12.878474 seconds.
  path: Assets/Imports/heart.png
  artifactKey: Guid(b53804bcf0be4384b9692b537d60fb43) Importer(815301076,1909f56bfc062723c751e8b465ee728b)
Start importing Assets/Imports/heart.png using Guid(b53804bcf0be4384b9692b537d60fb43) Importer(815301076,1909f56bfc062723c751e8b465ee728b)  -> (artifact id: '39a660aff01a5061ac68c665a1250f17') in 0.026966 seconds 
========================================================================
Received Import Request.
  Time since last request: 0.000353 seconds.
  path: Assets/Imports/flag-red-white.png
  artifactKey: Guid(67a166f853d0b4644971c95351cd9d47) Importer(815301076,1909f56bfc062723c751e8b465ee728b)
Start importing Assets/Imports/flag-red-white.png using Guid(67a166f853d0b4644971c95351cd9d47) Importer(815301076,1909f56bfc062723c751e8b465ee728b)  -> (artifact id: 'ea1d98c2e16162a0ecf056058683613a') in 0.070553 seconds 
========================================================================
Received Import Request.
  Time since last request: 0.000312 seconds.
  path: Assets/Imports/coin-spritesheet.png
  artifactKey: Guid(2134314765ba7bc4282e87c56118f1cf) Importer(815301076,1909f56bfc062723c751e8b465ee728b)
Start importing Assets/Imports/coin-spritesheet.png using Guid(2134314765ba7bc4282e87c56118f1cf) Importer(815301076,1909f56bfc062723c751e8b465ee728b)  -> (artifact id: 'e566161f1f04d2d2667e71c001b1556d') in 0.081308 seconds 
========================================================================
Received Import Request.
  Time since last request: 0.000230 seconds.
  path: Assets/Imports/HealthPotion.png
  artifactKey: Guid(35e30cf2d9b4b6c428c12ee465d8c269) Importer(815301076,1909f56bfc062723c751e8b465ee728b)
Start importing Assets/Imports/HealthPotion.png using Guid(35e30cf2d9b4b6c428c12ee465d8c269) Importer(815301076,1909f56bfc062723c751e8b465ee728b)  -> (artifact id: '8ecee6d31414d4ca2404b7d237b83c4a') in 0.056755 seconds 
========================================================================
Received Import Request.
  Time since last request: 0.000204 seconds.
  path: Assets/Imports/characters.png
  artifactKey: Guid(42ed6c23004c81f4e8814dd54e8ba7a9) Importer(815301076,1909f56bfc062723c751e8b465ee728b)
Start importing Assets/Imports/characters.png using Guid(42ed6c23004c81f4e8814dd54e8ba7a9) Importer(815301076,1909f56bfc062723c751e8b465ee728b)  -> (artifact id: '1692a411622d178cf29005a5f70e935a') in 0.294360 seconds 
========================================================================
Received Import Request.
  Time since last request: 0.000316 seconds.
  path: Assets/Imports/door.png
  artifactKey: Guid(8528b9559094ab042b396c319a9af130) Importer(815301076,1909f56bfc062723c751e8b465ee728b)
Start importing Assets/Imports/door.png using Guid(8528b9559094ab042b396c319a9af130) Importer(815301076,1909f56bfc062723c751e8b465ee728b)  -> (artifact id: '41ae14d9c9d53fbcf72ddfc45e8d26e1') in 0.035919 seconds 
========================================================================
Received Import Request.
  Time since last request: 0.000366 seconds.
  path: Assets/Imports/chest.png
  artifactKey: Guid(4b6e03ae9d4e6b84ba28e83238d952f6) Importer(815301076,1909f56bfc062723c751e8b465ee728b)
Start importing Assets/Imports/chest.png using Guid(4b6e03ae9d4e6b84ba28e83238d952f6) Importer(815301076,1909f56bfc062723c751e8b465ee728b)  -> (artifact id: '825a93b4e9fd5749751a00c6d969335b') in 0.045989 seconds 
========================================================================
Received Import Request.
  Time since last request: 16.956365 seconds.
  path: Assets/Imports/border.png
  artifactKey: Guid(390d31bbccf9b6d47a7d2a46d9587cea) Importer(815301076,1909f56bfc062723c751e8b465ee728b)
Start importing Assets/Imports/border.png using Guid(390d31bbccf9b6d47a7d2a46d9587cea) Importer(815301076,1909f56bfc062723c751e8b465ee728b)  -> (artifact id: '059b7f29589d4693dd2d21329d62ab83') in 0.026610 seconds 
========================================================================
Received Import Request.
  Time since last request: 246.776740 seconds.
  path: Assets/Scenes/Level02.unity
  artifactKey: Guid(d87361a54376bc94b8023e8b5f5f38de) Importer(815301076,1909f56bfc062723c751e8b465ee728b)
Start importing Assets/Scenes/Level02.unity using Guid(d87361a54376bc94b8023e8b5f5f38de) Importer(815301076,1909f56bfc062723c751e8b465ee728b)  -> (artifact id: 'e34f9a786dfe42f1e5cbfd20bf220dce') in 0.017145 seconds 
========================================================================
Received Import Request.
  Time since last request: 387.014149 seconds.
  path: Assets/Scenes/MainMenu.unity
  artifactKey: Guid(1061f8dd5fc960a488a75b7d796fa718) Importer(815301076,1909f56bfc062723c751e8b465ee728b)
Start importing Assets/Scenes/MainMenu.unity using Guid(1061f8dd5fc960a488a75b7d796fa718) Importer(815301076,1909f56bfc062723c751e8b465ee728b)  -> (artifact id: '56dd6068eb4121f4adfcdd38737a0541') in 0.020647 seconds 
========================================================================
Received Prepare
Refreshing native plugins compatible for Editor in 22.28 ms, found 2 plugins.
Preloading 0 native plugins for Editor in 0.00 ms.
Unloading 44 Unused Serialized files (Serialized files now loaded: 0)
System memory in use before: 47.3 MB.
System memory in use after: 47.4 MB.

Unloading 44 unused Assets to reduce memory usage. Loaded Objects now: 2598.
Total: 9.157100 ms (FindLiveObjects: 0.265800 ms CreateObjectMapping: 0.219400 ms MarkObjects: 8.630900 ms  DeleteObjects: 0.039100 ms)

AssetImportParameters requested are different than current active one (requested -> active):
  custom:framework-win-MediaFoundation: 216162199b28c13a410421893ffa2e32 -> 
  custom:video-decoder-ogg-theora: a1e56fd34408186e4bbccfd4996cb3dc -> 
  custom:container-muxer-webm: aa71ff27fc2769a1b78a27578f13a17b -> 
  custom:container-demuxer-webm: 4f35f7cbe854078d1ac9338744f61a02 -> 
  custom:container-demuxer-ogg: 62fdf1f143b41e24485cea50d1cbac27 -> 
  custom:video-encoder-webm-vp8: eb34c28f22e8b96e1ab97ce403110664 -> 
  custom:video-decoder-webm-vp8: 9c59270c3fd7afecdb556c50c9e8de78 -> 
  custom:audio-decoder-ogg-vorbis: bf7c407c2cedff20999df2af8eb42d56 -> 
  custom:audio-encoder-webm-vorbis: bf7c407c2cedff20999df2af8eb42d56 -> 
========================================================================
Received Import Request.
  Time since last request: 441.305786 seconds.
  path: Assets/Scenes/Level01.unity
  artifactKey: Guid(6063db14bdaa7af49a0ccc5d1e3ec564) Importer(815301076,1909f56bfc062723c751e8b465ee728b)
Start importing Assets/Scenes/Level01.unity using Guid(6063db14bdaa7af49a0ccc5d1e3ec564) Importer(815301076,1909f56bfc062723c751e8b465ee728b)  -> (artifact id: '61fa78b5bd9ea2fbee1e8dc11006c49c') in 0.017264 seconds 
========================================================================
Received Import Request.
  Time since last request: 108.142446 seconds.
  path: Assets/Scenes/MainMenu.unity
  artifactKey: Guid(1061f8dd5fc960a488a75b7d796fa718) Importer(815301076,1909f56bfc062723c751e8b465ee728b)
Start importing Assets/Scenes/MainMenu.unity using Guid(1061f8dd5fc960a488a75b7d796fa718) Importer(815301076,1909f56bfc062723c751e8b465ee728b)  -> (artifact id: '62f9aa23c768f7703619b8da65ffa865') in 0.024439 seconds 
========================================================================
Received Import Request.
  Time since last request: 85.824088 seconds.
  path: Assets/Scenes/Level01Settings.lighting
  artifactKey: Guid(05e55d73bbd4a6746b3d99c5e81c4da0) Importer(815301076,1909f56bfc062723c751e8b465ee728b)
Start importing Assets/Scenes/Level01Settings.lighting using Guid(05e55d73bbd4a6746b3d99c5e81c4da0) Importer(815301076,1909f56bfc062723c751e8b465ee728b) LightingSettings: switching bake backend from 1 to 0.
 -> (artifact id: '9aadc4021f648467c5f362fd3e7eb5ab') in 0.014612 seconds 
========================================================================
Received Import Request.
  Time since last request: 89.942426 seconds.
  path: Assets/Scenes/Level02.unity
  artifactKey: Guid(d87361a54376bc94b8023e8b5f5f38de) Importer(815301076,1909f56bfc062723c751e8b465ee728b)
Start importing Assets/Scenes/Level02.unity using Guid(d87361a54376bc94b8023e8b5f5f38de) Importer(815301076,1909f56bfc062723c751e8b465ee728b)  -> (artifact id: '5753724326695e79ce92fe9a08baa943') in 0.013865 seconds 
========================================================================
Received Prepare
Registering precompiled user dll's ...
Registered in 0.007159 seconds.
Begin MonoManager ReloadAssembly
Native extension for WindowsStandalone target not found
Refreshing native plugins compatible for Editor in 0.68 ms, found 2 plugins.
Preloading 0 native plugins for Editor in 0.00 ms.
Mono: successfully reloaded assembly
- Completed reload, in  2.550 seconds
Domain Reload Profiling:
	ReloadAssembly (2551ms)
		BeginReloadAssembly (148ms)
			ExecutionOrderSort (0ms)
			DisableScriptedObjects (7ms)
			BackupInstance (0ms)
			ReleaseScriptingObjects (0ms)
			CreateAndSetChildDomain (44ms)
		EndReloadAssembly (2315ms)
			LoadAssemblies (166ms)
			RebuildTransferFunctionScriptingTraits (0ms)
			SetupTypeCache (748ms)
			ReleaseScriptCaches (1ms)
			RebuildScriptCaches (58ms)
			SetupLoadedEditorAssemblies (1169ms)
				LogAssemblyErrors (0ms)
				InitializePlatformSupportModulesInManaged (6ms)
				SetLoadedEditorAssemblies (1ms)
				RefreshPlugins (1ms)
				BeforeProcessingInitializeOnLoad (84ms)
				ProcessInitializeOnLoadAttributes (492ms)
				ProcessInitializeOnLoadMethodAttributes (572ms)
				AfterProcessingInitializeOnLoad (13ms)
				EditorAssembliesLoaded (0ms)
			ExecutionOrderSort2 (0ms)
			AwakeInstancesAfterBackupRestoration (30ms)
Platform modules already initialized, skipping
Refreshing native plugins compatible for Editor in 1.13 ms, found 2 plugins.
Preloading 0 native plugins for Editor in 0.00 ms.
Unloading 2154 Unused Serialized files (Serialized files now loaded: 0)
System memory in use before: 88.8 MB.
System memory in use after: 89.0 MB.

Unloading 46 unused Assets to reduce memory usage. Loaded Objects now: 2600.
Total: 7.702000 ms (FindLiveObjects: 0.181700 ms CreateObjectMapping: 0.093600 ms MarkObjects: 7.361500 ms  DeleteObjects: 0.063600 ms)

AssetImportParameters requested are different than current active one (requested -> active):
  custom:framework-win-MediaFoundation: 216162199b28c13a410421893ffa2e32 -> 
  custom:video-decoder-ogg-theora: a1e56fd34408186e4bbccfd4996cb3dc -> 
  custom:container-muxer-webm: aa71ff27fc2769a1b78a27578f13a17b -> 
  custom:container-demuxer-webm: 4f35f7cbe854078d1ac9338744f61a02 -> 
  custom:container-demuxer-ogg: 62fdf1f143b41e24485cea50d1cbac27 -> 
  custom:video-encoder-webm-vp8: eb34c28f22e8b96e1ab97ce403110664 -> 
  custom:video-decoder-webm-vp8: 9c59270c3fd7afecdb556c50c9e8de78 -> 
  custom:audio-decoder-ogg-vorbis: bf7c407c2cedff20999df2af8eb42d56 -> 
  custom:audio-encoder-webm-vorbis: bf7c407c2cedff20999df2af8eb42d56 -> 
========================================================================
Received Prepare
Refreshing native plugins compatible for Editor in 16.83 ms, found 2 plugins.
Preloading 0 native plugins for Editor in 0.00 ms.
Unloading 44 Unused Serialized files (Serialized files now loaded: 0)
System memory in use before: 46.9 MB.
System memory in use after: 47.0 MB.

Unloading 44 unused Assets to reduce memory usage. Loaded Objects now: 2600.
Total: 12.335000 ms (FindLiveObjects: 0.206600 ms CreateObjectMapping: 0.098200 ms MarkObjects: 11.986700 ms  DeleteObjects: 0.042100 ms)

AssetImportParameters requested are different than current active one (requested -> active):
  custom:framework-win-MediaFoundation: 216162199b28c13a410421893ffa2e32 -> 
  custom:video-decoder-ogg-theora: a1e56fd34408186e4bbccfd4996cb3dc -> 
  custom:container-muxer-webm: aa71ff27fc2769a1b78a27578f13a17b -> 
  custom:container-demuxer-webm: 4f35f7cbe854078d1ac9338744f61a02 -> 
  custom:container-demuxer-ogg: 62fdf1f143b41e24485cea50d1cbac27 -> 
  custom:video-encoder-webm-vp8: eb34c28f22e8b96e1ab97ce403110664 -> 
  custom:video-decoder-webm-vp8: 9c59270c3fd7afecdb556c50c9e8de78 -> 
  custom:audio-decoder-ogg-vorbis: bf7c407c2cedff20999df2af8eb42d56 -> 
  custom:audio-encoder-webm-vorbis: bf7c407c2cedff20999df2af8eb42d56 -> 
========================================================================
Received Prepare
Registering precompiled user dll's ...
Registered in 0.013180 seconds.
Begin MonoManager ReloadAssembly
Native extension for WindowsStandalone target not found
Refreshing native plugins compatible for Editor in 1.83 ms, found 2 plugins.
Preloading 0 native plugins for Editor in 0.00 ms.
Mono: successfully reloaded assembly
- Completed reload, in  2.851 seconds
Domain Reload Profiling:
	ReloadAssembly (2853ms)
		BeginReloadAssembly (308ms)
			ExecutionOrderSort (0ms)
			DisableScriptedObjects (15ms)
			BackupInstance (0ms)
			ReleaseScriptingObjects (0ms)
			CreateAndSetChildDomain (95ms)
		EndReloadAssembly (2332ms)
			LoadAssemblies (290ms)
			RebuildTransferFunctionScriptingTraits (0ms)
			SetupTypeCache (849ms)
			ReleaseScriptCaches (2ms)
			RebuildScriptCaches (122ms)
			SetupLoadedEditorAssemblies (864ms)
				LogAssemblyErrors (0ms)
				InitializePlatformSupportModulesInManaged (9ms)
				SetLoadedEditorAssemblies (1ms)
				RefreshPlugins (2ms)
				BeforeProcessingInitializeOnLoad (175ms)
				ProcessInitializeOnLoadAttributes (597ms)
				ProcessInitializeOnLoadMethodAttributes (70ms)
				AfterProcessingInitializeOnLoad (9ms)
				EditorAssembliesLoaded (0ms)
			ExecutionOrderSort2 (0ms)
			AwakeInstancesAfterBackupRestoration (9ms)
Platform modules already initialized, skipping
Refreshing native plugins compatible for Editor in 0.80 ms, found 2 plugins.
Preloading 0 native plugins for Editor in 0.00 ms.
Unloading 2154 Unused Serialized files (Serialized files now loaded: 0)
System memory in use before: 88.9 MB.
System memory in use after: 89.0 MB.

Unloading 46 unused Assets to reduce memory usage. Loaded Objects now: 2602.
Total: 8.092600 ms (FindLiveObjects: 0.652400 ms CreateObjectMapping: 0.163800 ms MarkObjects: 7.237900 ms  DeleteObjects: 0.036800 ms)

AssetImportParameters requested are different than current active one (requested -> active):
  custom:framework-win-MediaFoundation: 216162199b28c13a410421893ffa2e32 -> 
  custom:video-decoder-ogg-theora: a1e56fd34408186e4bbccfd4996cb3dc -> 
  custom:container-muxer-webm: aa71ff27fc2769a1b78a27578f13a17b -> 
  custom:container-demuxer-webm: 4f35f7cbe854078d1ac9338744f61a02 -> 
  custom:container-demuxer-ogg: 62fdf1f143b41e24485cea50d1cbac27 -> 
  custom:video-encoder-webm-vp8: eb34c28f22e8b96e1ab97ce403110664 -> 
  custom:video-decoder-webm-vp8: 9c59270c3fd7afecdb556c50c9e8de78 -> 
  custom:audio-decoder-ogg-vorbis: bf7c407c2cedff20999df2af8eb42d56 -> 
  custom:audio-encoder-webm-vorbis: bf7c407c2cedff20999df2af8eb42d56 -> 
========================================================================
Received Import Request.
  Time since last request: 222.734485 seconds.
  path: Assets/Scenes/Level03.unity
  artifactKey: Guid(a9a52fc6b4fc61843abe35b932374e7e) Importer(815301076,1909f56bfc062723c751e8b465ee728b)
Start importing Assets/Scenes/Level03.unity using Guid(a9a52fc6b4fc61843abe35b932374e7e) Importer(815301076,1909f56bfc062723c751e8b465ee728b)  -> (artifact id: '4c62527bb9a734d2f69f08734c9877bd') in 0.034282 seconds 
========================================================================
Received Prepare
Registering precompiled user dll's ...
Registered in 0.004780 seconds.
Begin MonoManager ReloadAssembly
Native extension for WindowsStandalone target not found
Refreshing native plugins compatible for Editor in 0.75 ms, found 2 plugins.
Preloading 0 native plugins for Editor in 0.00 ms.
Mono: successfully reloaded assembly
- Completed reload, in  1.123 seconds
Domain Reload Profiling:
	ReloadAssembly (1123ms)
		BeginReloadAssembly (128ms)
			ExecutionOrderSort (0ms)
			DisableScriptedObjects (7ms)
			BackupInstance (0ms)
			ReleaseScriptingObjects (0ms)
			CreateAndSetChildDomain (37ms)
		EndReloadAssembly (928ms)
			LoadAssemblies (112ms)
			RebuildTransferFunctionScriptingTraits (0ms)
			SetupTypeCache (307ms)
			ReleaseScriptCaches (1ms)
			RebuildScriptCaches (41ms)
			SetupLoadedEditorAssemblies (368ms)
				LogAssemblyErrors (0ms)
				InitializePlatformSupportModulesInManaged (5ms)
				SetLoadedEditorAssemblies (1ms)
				RefreshPlugins (1ms)
				BeforeProcessingInitializeOnLoad (69ms)
				ProcessInitializeOnLoadAttributes (240ms)
				ProcessInitializeOnLoadMethodAttributes (45ms)
				AfterProcessingInitializeOnLoad (7ms)
				EditorAssembliesLoaded (0ms)
			ExecutionOrderSort2 (0ms)
			AwakeInstancesAfterBackupRestoration (8ms)
Platform modules already initialized, skipping
Refreshing native plugins compatible for Editor in 0.75 ms, found 2 plugins.
Preloading 0 native plugins for Editor in 0.00 ms.
Unloading 2154 Unused Serialized files (Serialized files now loaded: 0)
System memory in use before: 88.9 MB.
System memory in use after: 89.0 MB.

Unloading 46 unused Assets to reduce memory usage. Loaded Objects now: 2604.
Total: 7.219000 ms (FindLiveObjects: 0.193100 ms CreateObjectMapping: 0.113200 ms MarkObjects: 6.869900 ms  DeleteObjects: 0.041600 ms)

AssetImportParameters requested are different than current active one (requested -> active):
  custom:framework-win-MediaFoundation: 216162199b28c13a410421893ffa2e32 -> 
  custom:video-decoder-ogg-theora: a1e56fd34408186e4bbccfd4996cb3dc -> 
  custom:container-muxer-webm: aa71ff27fc2769a1b78a27578f13a17b -> 
  custom:container-demuxer-webm: 4f35f7cbe854078d1ac9338744f61a02 -> 
  custom:container-demuxer-ogg: 62fdf1f143b41e24485cea50d1cbac27 -> 
  custom:video-encoder-webm-vp8: eb34c28f22e8b96e1ab97ce403110664 -> 
  custom:video-decoder-webm-vp8: 9c59270c3fd7afecdb556c50c9e8de78 -> 
  custom:audio-decoder-ogg-vorbis: bf7c407c2cedff20999df2af8eb42d56 -> 
  custom:audio-encoder-webm-vorbis: bf7c407c2cedff20999df2af8eb42d56 -> 
AssetImportWorkerClient::OnTransportError - code=2 error=End of file
